<?xml version="1.0" encoding="UTF-8"?>
<testsuite xmlns:xsi="http://www.w3.org/2001/XMLSchema-instance" xsi:noNamespaceSchemaLocation="https://maven.apache.org/surefire/maven-surefire-plugin/xsd/surefire-test-report-3.0.xsd" version="3.0" name="pl.kasia.JpaExampleTest" time="4.319" tests="1" errors="0" skipped="0" failures="0">
  <properties>
[...]
</properties>
  <testcase name="createAndUpdatePersonTest" classname="pl.kasia.JpaExampleTest" time="4.268">
    <system-out><![CDATA[Hibernate: 
    set client_min_messages = WARNING
Hibernate: 
    drop table if exists person cascade
Hibernate: 
    create table person (
        age integer,
        id integer generated by default as identity,
        firstName varchar(255),
        lastName varchar(255),
        primary key (id)
    )
Hibernate: 
    insert 
    into
        person
        (age, firstName, lastName) 
    values
        (?, ?, ?) 
    returning id
Hibernate: 
    select
        p1_0.id,
        p1_0.age,
        p1_0.firstName,
        p1_0.lastName 
    from
        person p1_0
[Person(id=1, firstName=null, lastName=Kasia, age=12)]
Hibernate: 
    update
        person 
    set
        age=?,
        firstName=?,
        lastName=? 
    where
        id=?
Hibernate: 
    set client_min_messages = WARNING
Hibernate: 
    drop table if exists person cascade
]]></system-out>
    <system-err><![CDATA[lis 10, 2024 3:14:38 AM org.hibernate.jpa.internal.util.LogHelper logPersistenceUnitInformation
INFO: HHH000204: Processing PersistenceUnitInfo [name: JPA]
lis 10, 2024 3:14:38 AM org.hibernate.Version logVersion
INFO: HHH000412: Hibernate ORM core version 6.6.1.Final
lis 10, 2024 3:14:38 AM org.hibernate.cache.internal.RegionFactoryInitiator initiateService
INFO: HHH000026: Second-level cache disabled
lis 10, 2024 3:14:39 AM org.hibernate.engine.jdbc.connections.internal.DriverManagerConnectionProviderImpl configure
WARN: HHH10001002: Using built-in connection pool (not intended for production use)
lis 10, 2024 3:14:39 AM org.hibernate.engine.jdbc.dialect.internal.DialectFactoryImpl constructDialect
WARN: HHH90000025: PostgreSQLDialect does not need to be specified explicitly using 'hibernate.dialect' (remove the property setting and it will be selected by default)
lis 10, 2024 3:14:39 AM org.hibernate.engine.jdbc.env.internal.JdbcEnvironmentInitiator initiateService
INFO: HHH10001005: Database info:
	Database JDBC URL [jdbc:postgresql://localhost:5432/db]
	Database driver: org.postgresql.Driver
	Database version: 17.0
	Autocommit mode: false
	Isolation level: undefined/unknown
	Minimum pool size: 1
	Maximum pool size: 20
lis 10, 2024 3:14:41 AM org.hibernate.engine.transaction.jta.platform.internal.JtaPlatformInitiator initiateService
INFO: HHH000489: No JTA platform available (set 'hibernate.transaction.jta.platform' to enable JTA platform integration)
lis 10, 2024 3:14:41 AM org.hibernate.resource.transaction.backend.jdbc.internal.DdlTransactionIsolatorNonJtaImpl getIsolatedConnection
INFO: HHH10001501: Connection obtained from JdbcConnectionAccess [org.hibernate.engine.jdbc.env.internal.JdbcEnvironmentInitiator$ConnectionProviderJdbcConnectionAccess@72ecbcb3] for (non-JTA) DDL execution was not in auto-commit mode; the Connection 'local transaction' will be committed and the Connection will be set into auto-commit mode.
lis 10, 2024 3:14:41 AM org.hibernate.resource.transaction.backend.jdbc.internal.DdlTransactionIsolatorNonJtaImpl getIsolatedConnection
INFO: HHH10001501: Connection obtained from JdbcConnectionAccess [org.hibernate.engine.jdbc.env.internal.JdbcEnvironmentInitiator$ConnectionProviderJdbcConnectionAccess@40df6090] for (non-JTA) DDL execution was not in auto-commit mode; the Connection 'local transaction' will be committed and the Connection will be set into auto-commit mode.
lis 10, 2024 3:14:42 AM org.hibernate.resource.transaction.backend.jdbc.internal.DdlTransactionIsolatorNonJtaImpl getIsolatedConnection
INFO: HHH10001501: Connection obtained from JdbcConnectionAccess [org.hibernate.engine.jdbc.env.internal.JdbcEnvironmentInitiator$ConnectionProviderJdbcConnectionAccess@ff1f465] for (non-JTA) DDL execution was not in auto-commit mode; the Connection 'local transaction' will be committed and the Connection will be set into auto-commit mode.
]]></system-err>
  </testcase>
</testsuite>